Processing output.samples
Structure 1: 1 10 12 2 22 5 3 
	-> 1 2 3 5 10 
Structure 2: 1 10 4 2 51 5 6 3 
	-> 1 2 3 4 5 6 10 
Structure 3: 1 10 14 12 2 9 5 3 
	-> 1 2 3 5 9 10 
Structure 4: 1 41 34 4 2 7 5 
	-> 1 2 4 5 7 
Structure 5: 1 10 14 12 2 23 5 3 
	-> 1 2 3 5 10 
Structure 6: 1 43 44 92 93 94 30 57 5 29 
	-> 1 5 
Structure 7: 1 10 26 2 25 31 5 8 3 
	-> 1 2 3 5 8 10 
Structure 8: 1 95 4 2 16 7 11 8 3 
	-> 1 2 3 4 7 8 11 
Structure 9: 1 4 2 9 11 15 8 3 
	-> 1 2 3 4 8 9 11 
Structure 10: 1 4 2 7 5 6 3 
	-> 1 2 3 4 5 6 7 
Structure 11: 1 4 2 7 5 8 3 
	-> 1 2 3 4 5 7 8 
Structure 12: 1 4 2 7 5 6 3 
	-> 1 2 3 4 5 6 7 
Structure 13: 1 4 2 7 5 6 3 
	-> 1 2 3 4 5 6 7 
Structure 14: 1 4 2 7 5 6 3 
	-> 1 2 3 4 5 6 7 
Structure 15: 1 4 2 22 5 8 3 
	-> 1 2 3 4 5 8 
Structure 16: 1 4 2 7 5 6 3 
	-> 1 2 3 4 5 6 7 
Structure 17: 1 4 2 7 11 15 6 3 
	-> 1 2 3 4 6 7 11 
Structure 18: 1 4 2 37 7 11 6 3 
	-> 1 2 3 4 6 7 11 
Structure 19: 1 4 2 58 9 62 52 6 3 
	-> 1 2 3 4 6 9 
Structure 20: 1 4 2 7 5 8 3 
	-> 1 2 3 4 5 7 8 
Structure 21: 1 43 44 34 4 2 23 22 5 
	-> 1 2 4 5 
Structure 22: 1 4 2 31 5 8 3 
	-> 1 2 3 4 5 8 
Structure 23: 1 10 14 12 2 13 9 28 32 3 
	-> 1 2 3 9 10 
Structure 24: 1 4 2 23 5 6 3 
	-> 1 2 3 4 5 6 
Structure 25: 1 45 96 4 2 16 18 20 6 3 
	-> 1 2 3 4 6 
Structure 26: 1 24 4 2 7 5 17 6 3 
	-> 1 2 3 4 5 6 7 
Structure 27: 1 24 4 2 7 11 15 8 3 
	-> 1 2 3 4 7 8 11 
Structure 28: 1 4 2 7 11 15 8 3 
	-> 1 2 3 4 7 8 11 
Structure 29: 1 10 14 12 2 7 5 17 3 
	-> 1 2 3 5 7 10 
Structure 30: 1 4 2 9 5 6 3 
	-> 1 2 3 4 5 6 9 
Structure 31: 1 4 2 21 7 5 6 3 
	-> 1 2 3 4 5 6 7 
Structure 32: 1 4 2 13 7 11 6 3 
	-> 1 2 3 4 6 7 11 
Structure 33: 1 4 2 7 5 56 3 
	-> 1 2 3 4 5 7 
Structure 34: 1 10 4 2 7 5 6 3 
	-> 1 2 3 4 5 6 7 10 
Structure 35: 1 4 2 7 5 8 3 
	-> 1 2 3 4 5 7 8 
Structure 36: 1 70 38 4 2 22 5 6 3 
	-> 1 2 3 4 5 6 
Structure 37: 1 4 2 16 7 28 32 6 3 
	-> 1 2 3 4 6 7 
Structure 38: 1 4 2 21 9 5 17 8 3 
	-> 1 2 3 4 5 8 9 
Structure 39: 1 4 2 7 71 52 8 3 
	-> 1 2 3 4 7 8 
Structure 40: 1 10 26 2 7 5 6 3 
	-> 1 2 3 5 6 7 10 
Structure 41: 1 4 2 13 7 11 6 3 
	-> 1 2 3 4 6 7 11 
Structure 42: 1 4 2 7 5 97 8 3 
	-> 1 2 3 4 5 7 8 
Structure 43: 1 10 14 12 2 13 25 11 3 
	-> 1 2 3 10 11 
Structure 44: 1 4 2 42 22 5 17 6 3 
	-> 1 2 3 4 5 6 
Structure 45: 1 4 2 47 5 6 3 
	-> 1 2 3 4 5 6 
Structure 46: 1 4 2 9 5 8 3 
	-> 1 2 3 4 5 8 9 
Structure 47: 1 4 2 7 5 8 3 
	-> 1 2 3 4 5 7 8 
Structure 48: 1 4 2 22 5 8 3 
	-> 1 2 3 4 5 8 
Structure 49: 1 10 4 2 13 7 11 8 3 
	-> 1 2 3 4 7 8 10 11 
Structure 50: 1 4 2 7 5 6 3 
	-> 1 2 3 4 5 6 7 
Structure 51: 1 10 26 2 22 5 8 3 
	-> 1 2 3 5 8 10 
Structure 52: 1 4 2 7 5 8 3 
	-> 1 2 3 4 5 7 8 
Structure 53: 1 39 40 33 30 46 21 9 29 63 
	-> 1 9 
Structure 54: 1 4 2 13 7 11 8 3 
	-> 1 2 3 4 7 8 11 
Structure 55: 1 45 4 2 13 9 11 6 3 
	-> 1 2 3 4 6 9 11 
Structure 56: 1 4 2 13 25 31 11 6 3 
	-> 1 2 3 4 6 11 
Structure 57: 1 4 2 11 15 8 3 
	-> 1 2 3 4 8 11 
Structure 58: 1 4 2 7 5 8 6 3 
	-> 1 2 3 4 5 6 7 8 
Structure 59: 1 4 2 7 5 6 3 
	-> 1 2 3 4 5 6 7 
Structure 60: 1 4 2 13 75 11 8 3 
	-> 1 2 3 4 8 11 
Structure 61: 1 4 2 25 31 5 8 3 
	-> 1 2 3 4 5 8 
Structure 62: 1 59 4 2 16 19 18 20 6 3 
	-> 1 2 3 4 6 
Structure 63: 1 4 2 7 5 17 8 6 3 
	-> 1 2 3 4 5 6 7 8 
Structure 64: 1 4 2 7 5 6 3 
	-> 1 2 3 4 5 6 7 
Structure 65: 1 4 2 48 9 71 5 8 3 
	-> 1 2 3 4 5 8 9 
Structure 66: 1 4 2 13 9 28 32 6 3 
	-> 1 2 3 4 6 9 
Structure 67: 1 4 2 7 5 8 3 
	-> 1 2 3 4 5 7 8 
Structure 68: 1 4 2 7 5 8 3 
	-> 1 2 3 4 5 7 8 
Structure 69: 1 4 2 7 5 6 3 
	-> 1 2 3 4 5 6 7 
Structure 70: 1 49 4 2 13 9 11 6 3 
	-> 1 2 3 4 6 9 11 
Structure 71: 1 4 2 9 5 17 8 3 
	-> 1 2 3 4 5 8 9 
Structure 72: 1 4 2 7 11 72 6 3 
	-> 1 2 3 4 6 7 11 
Structure 73: 1 10 26 2 9 5 6 3 
	-> 1 2 3 5 6 9 10 
Structure 74: 1 43 44 76 33 30 57 5 29 
	-> 1 5 
Structure 75: 1 10 12 2 48 9 5 3 
	-> 1 2 3 5 9 10 
Structure 76: 1 4 2 7 5 6 3 
	-> 1 2 3 4 5 6 7 
Structure 77: 1 4 2 23 5 8 3 
	-> 1 2 3 4 5 8 
Structure 78: 1 10 4 2 7 5 8 3 
	-> 1 2 3 4 5 7 8 10 
Structure 79: 1 10 14 12 2 25 31 5 3 
	-> 1 2 3 5 10 
Structure 80: 1 4 2 42 5 64 6 3 
	-> 1 2 3 4 5 6 
Structure 81: 1 10 26 2 7 5 6 3 
	-> 1 2 3 5 6 7 10 
Structure 82: 1 4 2 58 9 11 15 6 3 
	-> 1 2 3 4 6 9 11 
Structure 83: 1 59 4 2 9 5 6 3 
	-> 1 2 3 4 5 6 9 
Structure 84: 1 4 2 13 7 11 6 3 
	-> 1 2 3 4 6 7 11 
Structure 85: 1 10 12 2 9 5 3 
	-> 1 2 3 5 9 10 
Structure 86: 1 4 2 9 5 8 3 
	-> 1 2 3 4 5 8 9 
Structure 87: 1 4 2 9 5 8 3 
	-> 1 2 3 4 5 8 9 
Structure 88: 1 10 12 2 16 19 18 20 3 
	-> 1 2 3 10 
Structure 89: 1 4 2 13 9 11 8 3 
	-> 1 2 3 4 8 9 11 
Structure 90: 1 77 10 4 2 7 5 6 3 
	-> 1 2 3 4 5 6 7 10 
Structure 91: 1 24 4 2 7 5 8 3 
	-> 1 2 3 4 5 7 8 
Structure 92: 1 4 2 7 5 6 3 
	-> 1 2 3 4 5 6 7 
Structure 93: 1 10 2 42 22 5 8 3 
	-> 1 2 3 5 8 10 
Structure 94: 1 10 12 2 9 5 3 
	-> 1 2 3 5 9 10 
Structure 95: 1 39 40 33 30 46 21 7 29 63 
	-> 1 7 
Structure 96: 1 65 4 2 11 15 6 3 
	-> 1 2 3 4 6 11 
Structure 97: 1 4 2 9 5 6 3 
	-> 1 2 3 4 5 6 9 
Structure 98: 1 4 2 7 5 6 3 
	-> 1 2 3 4 5 6 7 
Structure 99: 1 4 2 7 5 6 3 
	-> 1 2 3 4 5 6 7 
Structure 100: 1 4 2 7 5 8 3 
	-> 1 2 3 4 5 7 8 
Structure 101: 1 4 2 9 5 6 3 
	-> 1 2 3 4 5 6 9 
Structure 102: 1 4 2 9 5 6 3 
	-> 1 2 3 4 5 6 9 
Structure 103: 1 4 2 7 5 8 3 
	-> 1 2 3 4 5 7 8 
Structure 104: 1 4 2 66 5 8 3 
	-> 1 2 3 4 5 8 
Structure 105: 1 4 2 9 5 8 6 3 
	-> 1 2 3 4 5 6 8 9 
Structure 106: 1 4 2 7 5 6 3 
	-> 1 2 3 4 5 6 7 
Structure 107: 1 10 14 12 2 7 5 3 
	-> 1 2 3 5 7 10 
Structure 108: 1 4 2 7 5 6 3 
	-> 1 2 3 4 5 6 7 
Structure 109: 1 4 2 13 9 11 6 3 
	-> 1 2 3 4 6 9 11 
Structure 110: 1 4 2 16 19 18 20 6 3 
	-> 1 2 3 4 6 
Structure 111: 1 10 2 13 9 11 6 3 
	-> 1 2 3 6 9 10 11 
Structure 112: 1 4 2 25 31 5 17 6 3 
	-> 1 2 3 4 5 6 
Structure 113: 1 4 2 9 5 6 3 
	-> 1 2 3 4 5 6 9 
Structure 114: 1 4 2 7 5 17 6 3 
	-> 1 2 3 4 5 6 7 
Structure 115: 1 4 2 7 5 8 3 
	-> 1 2 3 4 5 7 8 
Structure 116: 1 10 12 2 9 5 3 
	-> 1 2 3 5 9 10 
Structure 117: 1 4 2 23 5 8 3 
	-> 1 2 3 4 5 8 
Structure 118: 1 4 2 21 7 5 8 3 
	-> 1 2 3 4 5 7 8 
Structure 119: 1 10 4 2 7 5 6 3 
	-> 1 2 3 4 5 6 7 10 
Structure 120: 1 4 2 9 5 8 3 
	-> 1 2 3 4 5 8 9 
Structure 121: 1 4 2 9 5 8 3 
	-> 1 2 3 4 5 8 9 
Structure 122: 1 78 24 4 2 9 5 17 8 3 
	-> 1 2 3 4 5 8 9 
Structure 123: 1 10 14 12 2 11 15 3 
	-> 1 2 3 10 11 
Structure 124: 1 4 2 7 5 6 3 
	-> 1 2 3 4 5 6 7 
Structure 125: 1 4 2 9 5 8 3 
	-> 1 2 3 4 5 8 9 
Structure 126: 1 4 2 21 9 5 8 3 
	-> 1 2 3 4 5 8 9 
Structure 127: 1 4 2 13 9 11 8 3 
	-> 1 2 3 4 8 9 11 
Structure 128: 1 4 2 7 5 8 6 3 
	-> 1 2 3 4 5 6 7 8 
Structure 129: 1 49 4 2 9 5 6 3 
	-> 1 2 3 4 5 6 9 
Structure 130: 1 4 2 23 5 8 3 
	-> 1 2 3 4 5 8 
Structure 131: 1 45 4 2 9 5 6 3 
	-> 1 2 3 4 5 6 9 
Structure 132: 1 4 2 7 5 6 3 
	-> 1 2 3 4 5 6 7 
Structure 133: 1 4 2 7 5 6 3 
	-> 1 2 3 4 5 6 7 
Structure 134: 1 4 2 19 18 20 8 3 
	-> 1 2 3 4 8 
Structure 135: 1 10 12 2 9 5 3 
	-> 1 2 3 5 9 10 
Structure 136: 1 10 14 2 7 5 6 3 
	-> 1 2 3 5 6 7 10 
Structure 137: 1 4 2 7 5 6 3 
	-> 1 2 3 4 5 6 7 
Structure 138: 1 4 2 9 5 17 8 3 
	-> 1 2 3 4 5 8 9 
Structure 139: 1 4 2 9 5 8 3 
	-> 1 2 3 4 5 8 9 
Structure 140: 1 10 14 12 2 9 5 17 3 
	-> 1 2 3 5 9 10 
Structure 141: 1 4 2 13 9 11 8 3 
	-> 1 2 3 4 8 9 11 
Structure 142: 1 10 14 12 2 73 9 11 3 
	-> 1 2 3 9 10 11 
Structure 143: 1 4 2 9 11 15 8 3 
	-> 1 2 3 4 8 9 11 
Structure 144: 1 4 2 7 5 6 3 
	-> 1 2 3 4 5 6 7 
Structure 145: 1 4 2 21 7 5 8 3 
	-> 1 2 3 4 5 7 8 
Structure 146: 1 10 4 2 9 5 6 3 
	-> 1 2 3 4 5 6 9 10 
Structure 147: 1 24 4 2 9 5 6 3 
	-> 1 2 3 4 5 6 9 
Structure 148: 1 4 2 9 5 17 6 3 
	-> 1 2 3 4 5 6 9 
Structure 149: 1 4 2 9 5 8 3 
	-> 1 2 3 4 5 8 9 
Structure 150: 1 10 26 2 48 9 5 6 3 
	-> 1 2 3 5 6 9 10 
Structure 151: 1 53 24 4 2 7 5 8 3 
	-> 1 2 3 4 5 7 8 
Structure 152: 1 4 2 7 5 6 3 
	-> 1 2 3 4 5 6 7 
Structure 153: 1 38 4 2 47 5 6 3 
	-> 1 2 3 4 5 6 
Structure 154: 1 10 14 12 2 7 5 3 
	-> 1 2 3 5 7 10 
Structure 155: 1 10 12 2 7 5 3 
	-> 1 2 3 5 7 10 
Structure 156: 1 4 2 23 5 6 3 
	-> 1 2 3 4 5 6 
Structure 157: 1 10 12 98 57 5 29 
	-> 1 5 10 
Structure 158: 1 4 2 7 5 8 3 
	-> 1 2 3 4 5 7 8 
Structure 159: 1 4 2 37 7 11 6 3 
	-> 1 2 3 4 6 7 11 
Structure 160: 1 4 2 16 19 18 20 8 3 
	-> 1 2 3 4 8 
Structure 161: 1 70 27 4 2 7 5 6 3 
	-> 1 2 3 4 5 6 7 
Structure 162: 1 24 4 2 9 5 6 3 
	-> 1 2 3 4 5 6 9 
Structure 163: 1 10 12 2 16 19 18 20 3 
	-> 1 2 3 10 
Structure 164: 1 4 2 7 5 8 3 
	-> 1 2 3 4 5 7 8 
Structure 165: 1 4 2 13 9 11 8 3 
	-> 1 2 3 4 8 9 11 
Structure 166: 1 4 2 22 5 6 3 
	-> 1 2 3 4 5 6 
Structure 167: 1 4 2 9 11 15 8 3 
	-> 1 2 3 4 8 9 11 
Structure 168: 1 4 2 9 5 17 8 3 
	-> 1 2 3 4 5 8 9 
Structure 169: 1 10 35 12 2 7 11 15 3 
	-> 1 2 3 7 10 11 
Structure 170: 1 4 2 7 5 8 3 
	-> 1 2 3 4 5 7 8 
Structure 171: 1 4 2 7 5 6 3 
	-> 1 2 3 4 5 6 7 
Structure 172: 1 4 2 9 5 6 3 
	-> 1 2 3 4 5 6 9 
Structure 173: 1 4 2 7 5 60 6 3 
	-> 1 2 3 4 5 6 7 
Structure 174: 1 4 2 23 5 6 3 
	-> 1 2 3 4 5 6 
Structure 175: 1 4 2 9 5 8 6 3 
	-> 1 2 3 4 5 6 8 9 
Structure 176: 1 4 2 7 5 8 3 
	-> 1 2 3 4 5 7 8 
Structure 177: 1 10 14 12 2 7 5 3 
	-> 1 2 3 5 7 10 
Structure 178: 1 4 2 11 15 6 3 
	-> 1 2 3 4 6 11 
Structure 179: 1 4 2 9 5 6 3 
	-> 1 2 3 4 5 6 9 
Structure 180: 1 53 24 4 2 16 19 18 20 8 3 
	-> 1 2 3 4 8 
Structure 181: 1 4 2 16 61 11 8 3 
	-> 1 2 3 4 8 11 
Structure 182: 1 10 14 12 2 37 18 20 3 
	-> 1 2 3 10 
Structure 183: 1 4 2 9 5 8 3 
	-> 1 2 3 4 5 8 9 
Structure 184: 1 10 4 2 9 5 6 3 
	-> 1 2 3 4 5 6 9 10 
Structure 185: 1 4 2 7 5 8 3 
	-> 1 2 3 4 5 7 8 
Structure 186: 1 43 44 76 33 30 57 5 29 
	-> 1 5 
Structure 187: 1 4 2 7 5 17 6 3 
	-> 1 2 3 4 5 6 7 
Structure 188: 1 4 2 21 7 5 8 6 3 
	-> 1 2 3 4 5 6 7 8 
Structure 189: 1 4 2 67 7 15 8 3 
	-> 1 2 3 4 7 8 
Structure 190: 1 50 27 99 4 2 22 5 6 3 
	-> 1 2 3 4 5 6 
Structure 191: 1 4 2 7 11 15 8 3 
	-> 1 2 3 4 7 8 11 
Structure 192: 1 4 2 9 5 6 3 
	-> 1 2 3 4 5 6 9 
Structure 193: 1 4 2 11 15 8 3 
	-> 1 2 3 4 8 11 
Structure 194: 1 4 2 23 5 6 3 
	-> 1 2 3 4 5 6 
Structure 195: 1 10 2 21 7 5 6 3 
	-> 1 2 3 5 6 7 10 
Structure 196: 1 50 4 2 9 5 6 3 
	-> 1 2 3 4 5 6 9 
Structure 197: 1 10 12 2 42 5 3 
	-> 1 2 3 5 10 
Structure 198: 1 4 2 13 9 11 8 3 
	-> 1 2 3 4 8 9 11 
Structure 199: 1 4 2 19 18 20 6 3 
	-> 1 2 3 4 6 
Structure 200: 1 10 12 2 7 5 3 
	-> 1 2 3 5 7 10 
Structure 201: 1 4 2 9 5 8 3 
	-> 1 2 3 4 5 8 9 
Structure 202: 1 4 2 9 11 15 8 3 
	-> 1 2 3 4 8 9 11 
Structure 203: 1 4 2 11 15 6 3 
	-> 1 2 3 4 6 11 
Structure 204: 1 10 26 2 13 9 11 6 3 
	-> 1 2 3 6 9 10 11 
Structure 205: 1 4 2 7 5 8 3 
	-> 1 2 3 4 5 7 8 
Structure 206: 1 4 2 7 5 8 3 
	-> 1 2 3 4 5 7 8 
Structure 207: 1 4 2 9 28 32 6 3 
	-> 1 2 3 4 6 9 
Structure 208: 1 4 2 22 5 6 3 
	-> 1 2 3 4 5 6 
Structure 209: 1 4 2 9 5 6 3 
	-> 1 2 3 4 5 6 9 
Structure 210: 1 10 12 2 9 5 3 
	-> 1 2 3 5 9 10 
Structure 211: 1 4 2 9 5 17 8 3 
	-> 1 2 3 4 5 8 9 
Structure 212: 1 4 2 23 5 8 3 
	-> 1 2 3 4 5 8 
Structure 213: 1 10 12 2 13 9 11 3 
	-> 1 2 3 9 10 11 
Structure 214: 1 4 2 7 5 8 6 3 
	-> 1 2 3 4 5 6 7 8 
Structure 215: 1 10 14 12 2 21 7 5 17 3 
	-> 1 2 3 5 7 10 
Structure 216: 1 41 79 34 4 2 22 5 
	-> 1 2 4 5 
Structure 217: 1 4 2 54 100 22 11 8 3 
	-> 1 2 3 4 8 11 
Structure 218: 1 4 2 7 5 6 3 
	-> 1 2 3 4 5 6 7 
Structure 219: 1 4 2 9 5 6 3 
	-> 1 2 3 4 5 6 9 
Structure 220: 1 4 2 9 5 8 3 
	-> 1 2 3 4 5 8 9 
Structure 221: 1 4 2 7 5 8 6 3 
	-> 1 2 3 4 5 6 7 8 
Structure 222: 1 4 2 7 5 6 3 
	-> 1 2 3 4 5 6 7 
Structure 223: 1 4 2 37 54 80 18 20 8 6 3 
	-> 1 2 3 4 6 8 
Structure 224: 1 4 2 9 5 6 3 
	-> 1 2 3 4 5 6 9 
Structure 225: 1 4 2 7 5 6 3 
	-> 1 2 3 4 5 6 7 
Structure 226: 1 39 40 33 30 46 21 7 29 81 
	-> 1 7 
Structure 227: 1 4 2 25 11 15 6 3 
	-> 1 2 3 4 6 11 
Structure 228: 1 10 4 2 16 19 18 20 8 3 
	-> 1 2 3 4 8 10 
Structure 229: 1 4 2 13 7 11 6 3 
	-> 1 2 3 4 6 7 11 
Structure 230: 1 4 2 37 68 11 6 3 
	-> 1 2 3 4 6 11 
Structure 231: 1 4 2 23 5 6 3 
	-> 1 2 3 4 5 6 
Structure 232: 1 4 2 9 5 17 8 3 
	-> 1 2 3 4 5 8 9 
Structure 233: 1 10 4 2 13 7 28 36 6 3 
	-> 1 2 3 4 6 7 10 
Structure 234: 1 4 2 7 5 8 3 
	-> 1 2 3 4 5 7 8 
Structure 235: 1 4 2 9 11 15 6 3 
	-> 1 2 3 4 6 9 11 
Structure 236: 1 10 14 12 2 16 19 18 20 3 
	-> 1 2 3 10 
Structure 237: 1 4 2 7 5 8 3 
	-> 1 2 3 4 5 7 8 
Structure 238: 1 4 2 7 5 6 3 
	-> 1 2 3 4 5 6 7 
Structure 239: 1 4 2 9 5 6 3 
	-> 1 2 3 4 5 6 9 
Structure 240: 1 4 2 7 5 17 6 3 
	-> 1 2 3 4 5 6 7 
Structure 241: 1 4 2 7 5 8 3 
	-> 1 2 3 4 5 7 8 
Structure 242: 1 4 2 21 9 5 8 3 
	-> 1 2 3 4 5 8 9 
Structure 243: 1 10 12 2 9 5 3 
	-> 1 2 3 5 9 10 
Structure 244: 1 10 4 2 23 5 6 3 
	-> 1 2 3 4 5 6 10 
Structure 245: 1 27 4 2 101 13 9 11 8 3 
	-> 1 2 3 4 8 9 11 
Structure 246: 1 4 2 9 5 8 3 
	-> 1 2 3 4 5 8 9 
Structure 247: 1 4 2 47 5 8 3 
	-> 1 2 3 4 5 8 
Structure 248: 1 4 2 9 5 8 6 3 
	-> 1 2 3 4 5 6 8 9 
Structure 249: 1 4 2 7 5 6 3 
	-> 1 2 3 4 5 6 7 
Structure 250: 1 10 4 2 21 7 5 6 3 
	-> 1 2 3 4 5 6 7 10 
Structure 251: 1 4 2 9 5 6 3 
	-> 1 2 3 4 5 6 9 
Structure 252: 1 4 2 7 5 6 3 
	-> 1 2 3 4 5 6 7 
Structure 253: 1 4 2 9 5 17 6 3 
	-> 1 2 3 4 5 6 9 
Structure 254: 1 10 4 2 9 5 8 3 
	-> 1 2 3 4 5 8 9 10 
Structure 255: 1 10 14 12 2 42 5 3 
	-> 1 2 3 5 10 
Structure 256: 1 10 14 12 2 22 5 3 
	-> 1 2 3 5 10 
Structure 257: 1 4 2 55 7 11 8 3 
	-> 1 2 3 4 7 8 11 
Structure 258: 1 10 12 2 13 9 61 11 3 
	-> 1 2 3 9 10 11 
Structure 259: 1 4 2 7 5 17 6 3 
	-> 1 2 3 4 5 6 7 
Structure 260: 1 10 26 2 13 7 11 6 3 
	-> 1 2 3 6 7 10 11 
Structure 261: 1 4 2 22 5 17 64 6 3 
	-> 1 2 3 4 5 6 
Structure 262: 1 10 14 2 9 11 15 8 3 
	-> 1 2 3 8 9 10 11 
Structure 263: 1 4 2 7 5 8 3 
	-> 1 2 3 4 5 7 8 
Structure 264: 1 4 2 7 5 6 3 
	-> 1 2 3 4 5 6 7 
Structure 265: 1 10 2 7 5 8 3 
	-> 1 2 3 5 7 8 10 
Structure 266: 1 27 4 2 9 5 8 6 3 
	-> 1 2 3 4 5 6 8 9 
Structure 267: 1 4 2 37 7 28 32 8 3 
	-> 1 2 3 4 7 8 
Structure 268: 1 10 12 2 37 7 11 3 
	-> 1 2 3 7 10 11 
Structure 269: 1 10 14 12 2 23 5 17 3 
	-> 1 2 3 5 10 
Structure 270: 1 10 14 12 2 9 5 3 
	-> 1 2 3 5 9 10 
Structure 271: 1 4 2 9 11 15 8 3 
	-> 1 2 3 4 8 9 11 
Structure 272: 1 49 4 2 7 5 6 3 
	-> 1 2 3 4 5 6 7 
Structure 273: 1 4 2 7 5 8 3 
	-> 1 2 3 4 5 7 8 
Structure 274: 1 4 2 9 5 6 3 
	-> 1 2 3 4 5 6 9 
Structure 275: 1 10 12 2 7 5 3 
	-> 1 2 3 5 7 10 
Structure 276: 1 10 14 12 2 13 23 11 3 
	-> 1 2 3 10 11 
Structure 277: 1 10 12 2 7 5 3 
	-> 1 2 3 5 7 10 
Structure 278: 1 4 2 9 5 8 3 
	-> 1 2 3 4 5 8 9 
Structure 279: 1 4 2 21 9 5 8 3 
	-> 1 2 3 4 5 8 9 
Structure 280: 1 4 2 23 5 6 3 
	-> 1 2 3 4 5 6 
Structure 281: 1 4 2 13 7 11 8 3 
	-> 1 2 3 4 7 8 11 
Structure 282: 1 24 4 2 102 7 5 8 3 
	-> 1 2 3 4 5 7 8 
Structure 283: 1 65 4 2 9 11 82 6 3 
	-> 1 2 3 4 6 9 11 
Structure 284: 1 10 12 2 5 3 
	-> 1 2 3 5 10 
Structure 285: 1 4 2 7 5 6 3 
	-> 1 2 3 4 5 6 7 
Structure 286: 1 27 4 2 9 5 6 3 
	-> 1 2 3 4 5 6 9 
Structure 287: 1 4 2 16 18 20 8 6 3 
	-> 1 2 3 4 6 8 
Structure 288: 1 10 12 2 23 11 15 3 
	-> 1 2 3 10 11 
Structure 289: 1 10 2 7 5 17 8 3 
	-> 1 2 3 5 7 8 10 
Structure 290: 1 4 2 16 19 18 20 8 3 
	-> 1 2 3 4 8 
Structure 291: 1 10 14 12 2 9 11 15 3 
	-> 1 2 3 9 10 11 
Structure 292: 1 10 4 2 13 25 11 8 3 
	-> 1 2 3 4 8 10 11 
Structure 293: 1 43 44 34 4 2 47 5 
	-> 1 2 4 5 
Structure 294: 1 10 12 2 7 5 17 3 
	-> 1 2 3 5 7 10 
Structure 295: 1 4 2 7 5 8 3 
	-> 1 2 3 4 5 7 8 
Structure 296: 1 4 2 21 7 5 6 3 
	-> 1 2 3 4 5 6 7 
Structure 297: 1 4 2 23 5 8 3 
	-> 1 2 3 4 5 8 
Structure 298: 1 41 34 4 2 13 9 11 
	-> 1 2 4 9 11 
Structure 299: 1 4 2 7 5 6 3 
	-> 1 2 3 4 5 6 7 
Structure 300: 1 4 2 22 5 6 3 
	-> 1 2 3 4 5 6 
Structure 301: 1 103 4 2 9 5 6 3 
	-> 1 2 3 4 5 6 9 
Structure 302: 1 4 2 9 5 6 3 
	-> 1 2 3 4 5 6 9 
Structure 303: 1 4 2 13 7 11 6 3 
	-> 1 2 3 4 6 7 11 
Structure 304: 1 4 2 22 5 8 3 
	-> 1 2 3 4 5 8 
Structure 305: 1 10 14 12 2 23 61 11 3 
	-> 1 2 3 10 11 
Structure 306: 1 4 2 9 5 6 3 
	-> 1 2 3 4 5 6 9 
Structure 307: 1 4 2 13 7 11 8 3 
	-> 1 2 3 4 7 8 11 
Structure 308: 1 10 4 2 22 5 6 3 
	-> 1 2 3 4 5 6 10 
Structure 309: 1 10 4 2 22 5 8 6 3 
	-> 1 2 3 4 5 6 8 10 
Structure 310: 1 4 2 9 5 8 6 3 
	-> 1 2 3 4 5 6 8 9 
Structure 311: 1 10 14 12 2 13 7 11 3 
	-> 1 2 3 7 10 11 
Structure 312: 1 43 44 34 4 2 9 11 15 
	-> 1 2 4 9 11 
Structure 313: 1 10 12 2 16 19 18 20 3 
	-> 1 2 3 10 
Structure 314: 1 4 2 7 11 15 8 3 
	-> 1 2 3 4 7 8 11 
Structure 315: 1 4 2 9 15 6 3 
	-> 1 2 3 4 6 9 
Structure 316: 1 4 2 16 19 18 20 6 3 
	-> 1 2 3 4 6 
Structure 317: 1 4 2 42 5 6 3 
	-> 1 2 3 4 5 6 
Structure 318: 1 4 2 13 9 11 8 3 
	-> 1 2 3 4 8 9 11 
Structure 319: 1 4 2 7 5 6 3 
	-> 1 2 3 4 5 6 7 
Structure 320: 1 10 33 30 104 105 57 5 29 
	-> 1 5 10 
Structure 321: 1 10 14 12 2 7 5 3 
	-> 1 2 3 5 7 10 
Structure 322: 1 4 2 7 36 6 3 
	-> 1 2 3 4 6 7 
Structure 323: 1 4 2 9 5 6 3 
	-> 1 2 3 4 5 6 9 
Structure 324: 1 10 4 2 9 5 8 3 
	-> 1 2 3 4 5 8 9 10 
Structure 325: 1 10 14 12 2 13 9 11 3 
	-> 1 2 3 9 10 11 
Structure 326: 1 10 26 2 7 5 6 3 
	-> 1 2 3 5 6 7 10 
Structure 327: 1 10 2 42 5 8 3 
	-> 1 2 3 5 8 10 
Structure 328: 1 10 14 12 2 13 7 11 3 
	-> 1 2 3 7 10 11 
Structure 329: 1 4 2 7 11 15 6 3 
	-> 1 2 3 4 6 7 11 
Structure 330: 1 4 2 9 5 8 3 
	-> 1 2 3 4 5 8 9 
Structure 331: 1 10 12 2 9 5 3 
	-> 1 2 3 5 9 10 
Structure 332: 1 4 2 7 5 8 3 
	-> 1 2 3 4 5 7 8 
Structure 333: 1 39 40 33 30 46 21 7 29 63 
	-> 1 7 
Structure 334: 1 4 2 23 5 6 3 
	-> 1 2 3 4 5 6 
Structure 335: 1 4 2 16 18 20 6 3 
	-> 1 2 3 4 6 
Structure 336: 1 10 12 2 9 5 3 
	-> 1 2 3 5 9 10 
Structure 337: 1 4 2 16 19 18 20 6 3 
	-> 1 2 3 4 6 
Structure 338: 1 10 4 2 9 5 6 3 
	-> 1 2 3 4 5 6 9 10 
Structure 339: 1 10 4 2 13 9 11 8 3 
	-> 1 2 3 4 8 9 10 11 
Structure 340: 1 10 12 2 42 5 3 
	-> 1 2 3 5 10 
Structure 341: 1 10 26 2 9 5 6 3 
	-> 1 2 3 5 6 9 10 
Structure 342: 1 4 2 7 5 8 3 
	-> 1 2 3 4 5 7 8 
Structure 343: 1 10 14 12 2 7 5 3 
	-> 1 2 3 5 7 10 
Structure 344: 1 4 2 23 5 6 3 
	-> 1 2 3 4 5 6 
Structure 345: 1 4 2 7 5 6 3 
	-> 1 2 3 4 5 6 7 
Structure 346: 1 4 2 16 7 11 72 8 3 
	-> 1 2 3 4 7 8 11 
Structure 347: 1 10 4 2 7 5 17 64 6 3 
	-> 1 2 3 4 5 6 7 10 
Structure 348: 1 4 2 7 5 6 3 
	-> 1 2 3 4 5 6 7 
Structure 349: 1 10 26 2 13 9 11 6 3 
	-> 1 2 3 6 9 10 11 
Structure 350: 1 4 2 9 5 6 3 
	-> 1 2 3 4 5 6 9 
Structure 351: 1 4 2 16 19 18 20 8 3 
	-> 1 2 3 4 8 
Structure 352: 1 4 2 13 9 11 6 3 
	-> 1 2 3 4 6 9 11 
Structure 353: 1 4 2 9 5 8 3 
	-> 1 2 3 4 5 8 9 
Structure 354: 1 4 2 9 5 8 3 
	-> 1 2 3 4 5 8 9 
Structure 355: 1 4 2 48 9 5 8 3 
	-> 1 2 3 4 5 8 9 
Structure 356: 1 4 2 9 5 6 3 
	-> 1 2 3 4 5 6 9 
Structure 357: 1 4 2 21 7 5 6 3 
	-> 1 2 3 4 5 6 7 
Structure 358: 1 10 26 2 7 5 6 3 
	-> 1 2 3 5 6 7 10 
Structure 359: 1 4 2 7 5 6 3 
	-> 1 2 3 4 5 6 7 
Structure 360: 1 10 4 2 7 5 8 3 
	-> 1 2 3 4 5 7 8 10 
Structure 361: 1 4 2 47 5 6 3 
	-> 1 2 3 4 5 6 
Structure 362: 1 4 2 9 5 6 3 
	-> 1 2 3 4 5 6 9 
Structure 363: 1 4 2 13 7 11 8 3 
	-> 1 2 3 4 7 8 11 
Structure 364: 1 4 2 54 47 11 8 3 
	-> 1 2 3 4 8 11 
Structure 365: 1 10 14 12 2 25 5 3 
	-> 1 2 3 5 10 
Structure 366: 1 4 2 37 7 11 8 3 
	-> 1 2 3 4 7 8 11 
Structure 367: 1 10 12 2 21 7 5 3 
	-> 1 2 3 5 7 10 
Structure 368: 1 10 4 2 7 5 17 6 3 
	-> 1 2 3 4 5 6 7 10 
Structure 369: 1 10 35 12 2 9 5 3 
	-> 1 2 3 5 9 10 
Structure 370: 1 10 14 12 2 9 5 3 
	-> 1 2 3 5 9 10 
Structure 371: 1 4 2 21 7 5 6 3 
	-> 1 2 3 4 5 6 7 
Structure 372: 1 4 2 7 11 15 6 3 
	-> 1 2 3 4 6 7 11 
Structure 373: 1 59 4 2 7 11 15 6 3 
	-> 1 2 3 4 6 7 11 
Structure 374: 1 4 2 7 5 8 3 
	-> 1 2 3 4 5 7 8 
Structure 375: 1 27 4 2 9 5 6 3 
	-> 1 2 3 4 5 6 9 
Structure 376: 1 4 2 9 5 17 8 3 
	-> 1 2 3 4 5 8 9 
Structure 377: 1 4 2 9 11 15 8 3 
	-> 1 2 3 4 8 9 11 
Structure 378: 1 4 2 9 5 8 3 
	-> 1 2 3 4 5 8 9 
Structure 379: 1 4 2 19 18 20 8 3 
	-> 1 2 3 4 8 
Structure 380: 1 4 2 7 5 8 3 
	-> 1 2 3 4 5 7 8 
Structure 381: 1 4 2 9 5 8 6 3 
	-> 1 2 3 4 5 6 8 9 
Structure 382: 1 4 2 7 5 6 3 
	-> 1 2 3 4 5 6 7 
Structure 383: 1 4 2 13 9 11 8 3 
	-> 1 2 3 4 8 9 11 
Structure 384: 1 4 2 9 5 8 6 3 
	-> 1 2 3 4 5 6 8 9 
Structure 385: 1 4 2 13 7 11 8 3 
	-> 1 2 3 4 7 8 11 
Structure 386: 1 10 4 2 7 5 8 3 
	-> 1 2 3 4 5 7 8 10 
Structure 387: 1 4 2 13 7 11 6 3 
	-> 1 2 3 4 6 7 11 
Structure 388: 1 59 4 2 7 5 6 3 
	-> 1 2 3 4 5 6 7 
Structure 389: 1 4 2 7 5 8 3 
	-> 1 2 3 4 5 7 8 
Structure 390: 1 10 12 2 7 5 3 
	-> 1 2 3 5 7 10 
Structure 391: 1 10 4 2 7 5 6 3 
	-> 1 2 3 4 5 6 7 10 
Structure 392: 1 10 26 2 9 5 8 3 
	-> 1 2 3 5 8 9 10 
Structure 393: 1 10 2 7 5 8 3 
	-> 1 2 3 5 7 8 10 
Structure 394: 1 49 4 2 13 22 11 6 3 
	-> 1 2 3 4 6 11 
Structure 395: 1 4 2 7 28 36 6 3 
	-> 1 2 3 4 6 7 
Structure 396: 1 4 2 7 5 8 3 
	-> 1 2 3 4 5 7 8 
Structure 397: 1 4 2 9 5 8 3 
	-> 1 2 3 4 5 8 9 
Structure 398: 1 4 2 7 5 6 3 
	-> 1 2 3 4 5 6 7 
Structure 399: 1 4 2 7 5 8 3 
	-> 1 2 3 4 5 7 8 
Structure 400: 1 4 2 9 11 15 8 3 
	-> 1 2 3 4 8 9 11 
Structure 401: 1 4 2 16 19 18 20 8 3 
	-> 1 2 3 4 8 
Structure 402: 1 10 14 12 2 9 5 3 
	-> 1 2 3 5 9 10 
Structure 403: 1 38 4 2 16 19 18 20 6 3 
	-> 1 2 3 4 6 
Structure 404: 1 4 2 7 5 8 3 
	-> 1 2 3 4 5 7 8 
Structure 405: 1 106 4 2 7 11 15 56 3 
	-> 1 2 3 4 7 11 
Structure 406: 1 4 2 7 5 8 3 
	-> 1 2 3 4 5 7 8 
Structure 407: 1 24 4 2 16 19 18 20 8 3 
	-> 1 2 3 4 8 
Structure 408: 1 4 2 7 5 6 3 
	-> 1 2 3 4 5 6 7 
Structure 409: 1 41 4 2 9 5 3 
	-> 1 2 3 4 5 9 
Structure 410: 1 4 2 9 5 8 3 
	-> 1 2 3 4 5 8 9 
Structure 411: 1 4 2 7 5 8 3 
	-> 1 2 3 4 5 7 8 
Structure 412: 1 4 2 9 5 8 3 
	-> 1 2 3 4 5 8 9 
Structure 413: 1 4 2 13 107 9 11 6 3 
	-> 1 2 3 4 6 9 11 
Structure 414: 1 38 4 2 54 51 32 8 3 
	-> 1 2 3 4 8 
Structure 415: 1 4 2 7 5 6 3 
	-> 1 2 3 4 5 6 7 
Structure 416: 1 4 2 7 5 17 8 3 
	-> 1 2 3 4 5 7 8 
Structure 417: 1 4 2 25 5 8 3 
	-> 1 2 3 4 5 8 
Structure 418: 1 4 2 7 5 8 3 
	-> 1 2 3 4 5 7 8 
Structure 419: 1 10 12 2 23 5 3 
	-> 1 2 3 5 10 
Structure 420: 1 10 12 2 7 5 3 
	-> 1 2 3 5 7 10 
Structure 421: 1 4 2 7 5 6 3 
	-> 1 2 3 4 5 6 7 
Structure 422: 1 4 2 13 7 11 6 3 
	-> 1 2 3 4 6 7 11 
Structure 423: 1 10 4 2 51 108 83 6 3 
	-> 1 2 3 4 6 10 
Structure 424: 1 10 26 2 13 7 11 6 3 
	-> 1 2 3 6 7 10 11 
Structure 425: 1 4 2 13 9 11 6 3 
	-> 1 2 3 4 6 9 11 
Structure 426: 1 4 2 9 5 8 3 
	-> 1 2 3 4 5 8 9 
Structure 427: 1 4 2 13 9 11 6 3 
	-> 1 2 3 4 6 9 11 
Structure 428: 1 4 2 16 19 18 11 6 3 
	-> 1 2 3 4 6 11 
Structure 429: 1 10 14 12 2 16 19 18 20 3 
	-> 1 2 3 10 
Structure 430: 1 4 2 9 71 52 6 3 
	-> 1 2 3 4 6 9 
Structure 431: 1 4 2 9 5 8 3 
	-> 1 2 3 4 5 8 9 
Structure 432: 1 4 2 7 5 8 84 
	-> 1 2 4 5 7 8 
Structure 433: 1 109 10 2 7 5 6 3 
	-> 1 2 3 5 6 7 10 
Structure 434: 1 4 2 7 5 6 3 
	-> 1 2 3 4 5 6 7 
Structure 435: 1 24 4 2 7 5 8 3 
	-> 1 2 3 4 5 7 8 
Structure 436: 1 4 2 9 5 6 3 
	-> 1 2 3 4 5 6 9 
Structure 437: 1 4 2 7 5 6 3 
	-> 1 2 3 4 5 6 7 
Structure 438: 1 4 2 11 15 6 3 
	-> 1 2 3 4 6 11 
Structure 439: 1 53 24 4 2 9 5 17 6 3 
	-> 1 2 3 4 5 6 9 
Structure 440: 1 110 111 112 2 9 5 8 3 
	-> 1 2 3 5 8 9 
Structure 441: 1 4 2 7 5 6 3 
	-> 1 2 3 4 5 6 7 
Structure 442: 1 4 2 9 28 32 113 6 3 
	-> 1 2 3 4 6 9 
Structure 443: 1 10 14 12 2 9 5 3 
	-> 1 2 3 5 9 10 
Structure 444: 1 10 14 12 2 7 5 3 
	-> 1 2 3 5 7 10 
Structure 445: 1 10 12 2 9 5 3 
	-> 1 2 3 5 9 10 
Structure 446: 1 10 14 12 2 7 11 15 3 
	-> 1 2 3 7 10 11 
Structure 447: 1 10 12 2 9 5 17 3 
	-> 1 2 3 5 9 10 
Structure 448: 1 4 2 9 5 6 3 
	-> 1 2 3 4 5 6 9 
Structure 449: 1 4 2 7 5 8 3 
	-> 1 2 3 4 5 7 8 
Structure 450: 1 10 4 2 7 5 6 3 
	-> 1 2 3 4 5 6 7 10 
Structure 451: 1 4 2 9 51 5 8 3 
	-> 1 2 3 4 5 8 9 
Structure 452: 1 4 2 9 5 8 3 
	-> 1 2 3 4 5 8 9 
Structure 453: 1 4 2 9 11 72 8 3 
	-> 1 2 3 4 8 9 11 
Structure 454: 1 4 2 9 5 8 3 
	-> 1 2 3 4 5 8 9 
Structure 455: 1 4 2 16 19 18 20 8 3 
	-> 1 2 3 4 8 
Structure 456: 1 10 14 12 2 21 7 5 3 
	-> 1 2 3 5 7 10 
Structure 457: 1 10 12 2 9 5 60 3 
	-> 1 2 3 5 9 10 
Structure 458: 1 4 2 7 5 8 3 
	-> 1 2 3 4 5 7 8 
Structure 459: 1 10 14 2 13 7 28 32 8 3 
	-> 1 2 3 7 8 10 
Structure 460: 1 10 12 2 23 5 3 
	-> 1 2 3 5 10 
Structure 461: 1 4 2 7 5 8 3 
	-> 1 2 3 4 5 7 8 
Structure 462: 1 4 2 9 5 6 3 
	-> 1 2 3 4 5 6 9 
Structure 463: 1 85 4 2 21 7 5 6 3 
	-> 1 2 3 4 5 6 7 
Structure 464: 1 4 2 48 9 5 6 3 
	-> 1 2 3 4 5 6 9 
Structure 465: 1 4 2 7 11 15 6 3 
	-> 1 2 3 4 6 7 11 
Structure 466: 1 10 14 12 2 7 5 3 
	-> 1 2 3 5 7 10 
Structure 467: 1 4 2 7 5 6 3 
	-> 1 2 3 4 5 6 7 
Structure 468: 1 4 2 114 7 15 8 3 
	-> 1 2 3 4 7 8 
Structure 469: 1 10 14 12 2 7 5 3 
	-> 1 2 3 5 7 10 
Structure 470: 1 4 2 13 9 11 8 3 
	-> 1 2 3 4 8 9 11 
Structure 471: 1 10 14 12 2 22 5 3 
	-> 1 2 3 5 10 
Structure 472: 1 4 2 7 5 6 3 
	-> 1 2 3 4 5 6 7 
Structure 473: 1 10 26 2 13 7 11 6 3 
	-> 1 2 3 6 7 10 11 
Structure 474: 1 4 2 7 5 6 3 
	-> 1 2 3 4 5 6 7 
Structure 475: 1 4 2 9 5 8 3 
	-> 1 2 3 4 5 8 9 
Structure 476: 1 4 2 51 15 6 3 
	-> 1 2 3 4 6 
Structure 477: 1 4 2 7 5 60 6 3 
	-> 1 2 3 4 5 6 7 
Structure 478: 1 10 12 2 7 5 3 
	-> 1 2 3 5 7 10 
Structure 479: 1 4 2 7 5 6 3 
	-> 1 2 3 4 5 6 7 
Structure 480: 1 4 2 13 9 28 36 8 3 
	-> 1 2 3 4 8 9 
Structure 481: 1 39 40 33 30 46 21 7 29 69 
	-> 1 7 
Structure 482: 1 4 2 7 5 6 3 
	-> 1 2 3 4 5 6 7 
Structure 483: 1 4 2 9 5 6 3 
	-> 1 2 3 4 5 6 9 
Structure 484: 1 4 2 7 5 6 3 
	-> 1 2 3 4 5 6 7 
Structure 485: 1 39 40 33 30 46 21 9 29 81 
	-> 1 9 
Structure 486: 1 4 2 67 9 5 6 3 
	-> 1 2 3 4 5 6 9 
Structure 487: 1 4 2 9 5 6 3 
	-> 1 2 3 4 5 6 9 
Structure 488: 1 10 14 12 2 16 19 18 20 3 
	-> 1 2 3 10 
Structure 489: 1 4 2 9 5 8 3 
	-> 1 2 3 4 5 8 9 
Structure 490: 1 4 2 9 5 6 3 
	-> 1 2 3 4 5 6 9 
Structure 491: 1 4 2 13 7 11 8 3 
	-> 1 2 3 4 7 8 11 
Structure 492: 1 85 4 2 9 5 6 3 
	-> 1 2 3 4 5 6 9 
Structure 493: 1 4 115 2 13 7 11 6 3 
	-> 1 2 3 4 6 7 11 
Structure 494: 1 10 12 2 16 19 18 20 3 
	-> 1 2 3 10 
Structure 495: 1 41 34 4 2 7 5 
	-> 1 2 4 5 7 
Structure 496: 1 4 2 7 5 8 3 
	-> 1 2 3 4 5 7 8 
Structure 497: 1 4 2 9 5 6 3 
	-> 1 2 3 4 5 6 9 
Structure 498: 1 4 2 16 19 20 8 3 
	-> 1 2 3 4 8 
Structure 499: 1 4 2 7 5 8 3 
	-> 1 2 3 4 5 7 8 
Structure 500: 1 4 2 9 5 6 3 
	-> 1 2 3 4 5 6 9 
Structure 501: 1 4 2 7 5 8 3 
	-> 1 2 3 4 5 7 8 
Structure 502: 1 27 4 2 9 15 8 3 
	-> 1 2 3 4 8 9 
Structure 503: 1 53 24 4 2 16 7 28 32 6 3 
	-> 1 2 3 4 6 7 
Structure 504: 1 27 4 2 9 5 6 3 
	-> 1 2 3 4 5 6 9 
Structure 505: 1 4 2 13 9 11 6 3 
	-> 1 2 3 4 6 9 11 
Structure 506: 1 4 2 7 5 8 3 
	-> 1 2 3 4 5 7 8 
Structure 507: 1 45 4 2 42 5 6 3 
	-> 1 2 3 4 5 6 
Structure 508: 1 4 2 9 5 8 3 
	-> 1 2 3 4 5 8 9 
Structure 509: 1 4 2 9 5 6 3 
	-> 1 2 3 4 5 6 9 
Structure 510: 1 10 12 2 21 7 5 3 
	-> 1 2 3 5 7 10 
Structure 511: 1 4 2 22 5 6 3 
	-> 1 2 3 4 5 6 
Structure 512: 1 50 27 38 4 2 16 19 18 20 6 3 
	-> 1 2 3 4 6 
Structure 513: 1 24 4 2 7 5 6 3 
	-> 1 2 3 4 5 6 7 
Structure 514: 1 10 14 12 2 7 5 3 
	-> 1 2 3 5 7 10 
Structure 515: 1 4 2 55 7 11 8 3 
	-> 1 2 3 4 7 8 11 
Structure 516: 1 39 40 33 30 46 21 7 29 63 
	-> 1 7 
Structure 517: 1 39 40 33 30 116 117 7 29 3 
	-> 1 3 7 
Structure 518: 1 4 2 9 5 8 3 
	-> 1 2 3 4 5 8 9 
Structure 519: 1 4 2 7 5 6 3 
	-> 1 2 3 4 5 6 7 
Structure 520: 1 49 4 2 7 5 6 3 
	-> 1 2 3 4 5 6 7 
Structure 521: 1 4 86 2 21 7 5 8 3 
	-> 1 2 3 4 5 7 8 
Structure 522: 1 38 4 2 22 11 15 8 6 3 
	-> 1 2 3 4 6 8 11 
Structure 523: 1 24 4 2 22 5 6 3 
	-> 1 2 3 4 5 6 
Structure 524: 1 4 2 7 5 6 3 
	-> 1 2 3 4 5 6 7 
Structure 525: 1 10 14 12 2 7 5 17 3 
	-> 1 2 3 5 7 10 
Structure 526: 1 4 2 67 7 5 8 3 
	-> 1 2 3 4 5 7 8 
Structure 527: 1 4 2 55 9 11 8 6 3 
	-> 1 2 3 4 6 8 9 11 
Structure 528: 1 10 74 87 118 55 7 11 8 3 
	-> 1 3 7 8 10 11 
Structure 529: 1 10 12 2 13 119 7 36 3 
	-> 1 2 3 7 10 
Structure 530: 1 4 2 7 5 6 3 
	-> 1 2 3 4 5 6 7 
Structure 531: 1 4 2 7 5 6 3 
	-> 1 2 3 4 5 6 7 
Structure 532: 1 4 2 120 19 18 20 6 3 
	-> 1 2 3 4 6 
Structure 533: 1 10 14 12 2 23 5 3 
	-> 1 2 3 5 10 
Structure 534: 1 10 4 2 13 7 11 8 3 
	-> 1 2 3 4 7 8 10 11 
Structure 535: 1 4 2 9 5 8 3 
	-> 1 2 3 4 5 8 9 
Structure 536: 1 10 12 2 7 5 3 
	-> 1 2 3 5 7 10 
Structure 537: 1 4 2 7 5 6 3 
	-> 1 2 3 4 5 6 7 
Structure 538: 1 53 24 4 2 42 5 8 6 3 
	-> 1 2 3 4 5 6 8 
Structure 539: 1 4 2 22 5 6 3 
	-> 1 2 3 4 5 6 
Structure 540: 1 4 2 25 5 8 3 
	-> 1 2 3 4 5 8 
Structure 541: 1 10 4 2 16 19 18 20 8 3 
	-> 1 2 3 4 8 10 
Structure 542: 1 4 2 9 5 6 3 
	-> 1 2 3 4 5 6 9 
Structure 543: 1 4 2 13 7 11 6 3 
	-> 1 2 3 4 6 7 11 
Structure 544: 1 4 2 9 5 8 3 
	-> 1 2 3 4 5 8 9 
Structure 545: 1 27 4 2 23 11 15 8 3 
	-> 1 2 3 4 8 11 
Structure 546: 1 4 2 13 9 11 8 3 
	-> 1 2 3 4 8 9 11 
Structure 547: 1 41 34 4 2 9 5 
	-> 1 2 4 5 9 
Structure 548: 1 4 2 21 7 5 8 3 
	-> 1 2 3 4 5 7 8 
Structure 549: 1 4 2 13 9 11 6 3 
	-> 1 2 3 4 6 9 11 
Structure 550: 1 10 14 2 9 11 15 8 3 
	-> 1 2 3 8 9 10 11 
Structure 551: 1 10 12 2 7 5 3 
	-> 1 2 3 5 7 10 
Structure 552: 1 24 121 4 2 7 5 17 8 3 
	-> 1 2 3 4 5 7 8 
Structure 553: 1 4 2 73 88 9 28 32 56 3 
	-> 1 2 3 4 9 
Structure 554: 1 10 14 12 122 123 2 7 5 124 
	-> 1 2 5 7 10 
Structure 555: 1 10 12 2 16 19 18 3 
	-> 1 2 3 10 
Structure 556: 1 70 10 2 9 5 6 3 
	-> 1 2 3 5 6 9 10 
Structure 557: 1 10 2 7 5 8 3 
	-> 1 2 3 5 7 8 10 
Structure 558: 1 27 4 2 7 5 6 3 
	-> 1 2 3 4 5 6 7 
Structure 559: 1 4 2 7 5 6 3 
	-> 1 2 3 4 5 6 7 
Structure 560: 1 4 2 13 7 28 36 8 3 
	-> 1 2 3 4 7 8 
Structure 561: 1 4 2 7 5 6 3 
	-> 1 2 3 4 5 6 7 
Structure 562: 1 45 4 2 9 5 6 3 
	-> 1 2 3 4 5 6 9 
Structure 563: 1 4 2 7 5 17 8 3 
	-> 1 2 3 4 5 7 8 
Structure 564: 1 24 4 2 7 5 6 3 
	-> 1 2 3 4 5 6 7 
Structure 565: 1 10 14 12 2 9 5 3 
	-> 1 2 3 5 9 10 
Structure 566: 1 4 2 31 5 8 3 
	-> 1 2 3 4 5 8 
Structure 567: 1 10 4 2 7 11 15 6 3 
	-> 1 2 3 4 6 7 10 11 
Structure 568: 1 24 4 2 22 5 17 8 3 
	-> 1 2 3 4 5 8 
Structure 569: 1 4 2 9 5 6 3 
	-> 1 2 3 4 5 6 9 
Structure 570: 1 4 2 16 19 18 20 6 3 
	-> 1 2 3 4 6 
Structure 571: 1 4 2 7 5 6 3 
	-> 1 2 3 4 5 6 7 
Structure 572: 1 4 2 13 7 11 6 3 
	-> 1 2 3 4 6 7 11 
Structure 573: 1 4 2 7 5 6 3 
	-> 1 2 3 4 5 6 7 
Structure 574: 1 78 4 2 23 5 6 3 
	-> 1 2 3 4 5 6 
Structure 575: 1 4 2 7 5 17 6 3 
	-> 1 2 3 4 5 6 7 
Structure 576: 1 4 2 23 5 8 3 
	-> 1 2 3 4 5 8 
Structure 577: 1 4 2 9 5 6 3 
	-> 1 2 3 4 5 6 9 
Structure 578: 1 10 35 12 2 7 5 3 
	-> 1 2 3 5 7 10 
Structure 579: 1 4 2 7 5 17 6 3 
	-> 1 2 3 4 5 6 7 
Structure 580: 1 10 14 12 2 16 19 68 11 3 
	-> 1 2 3 10 11 
Structure 581: 1 4 2 9 5 8 3 
	-> 1 2 3 4 5 8 9 
Structure 582: 1 4 2 9 5 6 3 
	-> 1 2 3 4 5 6 9 
Structure 583: 1 4 2 22 5 17 6 3 
	-> 1 2 3 4 5 6 
Structure 584: 1 10 4 2 9 5 6 3 
	-> 1 2 3 4 5 6 9 10 
Structure 585: 1 4 2 7 5 6 3 
	-> 1 2 3 4 5 6 7 
Structure 586: 1 10 12 2 21 7 5 3 
	-> 1 2 3 5 7 10 
Structure 587: 1 4 2 13 7 11 6 3 
	-> 1 2 3 4 6 7 11 
Structure 588: 1 4 2 58 7 11 15 8 3 
	-> 1 2 3 4 7 8 11 
Structure 589: 1 4 2 9 5 6 3 
	-> 1 2 3 4 5 6 9 
Structure 590: 1 4 2 7 5 6 3 
	-> 1 2 3 4 5 6 7 
Structure 591: 1 4 2 23 5 6 3 
	-> 1 2 3 4 5 6 
Structure 592: 1 4 2 13 7 11 8 3 
	-> 1 2 3 4 7 8 11 
Structure 593: 1 4 2 13 9 11 8 3 
	-> 1 2 3 4 8 9 11 
Structure 594: 1 4 2 7 5 6 3 
	-> 1 2 3 4 5 6 7 
Structure 595: 1 38 4 2 7 5 8 3 
	-> 1 2 3 4 5 7 8 
Structure 596: 1 4 2 9 11 15 6 3 
	-> 1 2 3 4 6 9 11 
Structure 597: 1 53 24 4 2 13 7 11 8 3 
	-> 1 2 3 4 7 8 11 
Structure 598: 1 10 4 2 7 5 8 3 
	-> 1 2 3 4 5 7 8 10 
Structure 599: 1 10 4 2 13 9 11 6 3 
	-> 1 2 3 4 6 9 10 11 
Structure 600: 1 4 2 25 31 5 8 3 
	-> 1 2 3 4 5 8 
Structure 601: 1 10 4 2 13 9 11 6 3 
	-> 1 2 3 4 6 9 10 11 
Structure 602: 1 43 44 34 4 2 9 125 5 
	-> 1 2 4 5 9 
Structure 603: 1 4 2 21 7 5 6 3 
	-> 1 2 3 4 5 6 7 
Structure 604: 1 10 14 12 2 7 5 3 
	-> 1 2 3 5 7 10 
Structure 605: 1 4 2 7 5 6 3 
	-> 1 2 3 4 5 6 7 
Structure 606: 1 4 2 18 20 8 3 
	-> 1 2 3 4 8 
Structure 607: 1 4 2 51 15 8 3 
	-> 1 2 3 4 8 
Structure 608: 1 10 2 9 5 6 3 
	-> 1 2 3 5 6 9 10 
Structure 609: 1 4 2 7 5 6 3 
	-> 1 2 3 4 5 6 7 
Structure 610: 1 4 2 7 5 8 3 
	-> 1 2 3 4 5 7 8 
Structure 611: 1 4 2 55 25 31 11 8 3 
	-> 1 2 3 4 8 11 
Structure 612: 1 4 2 9 5 6 3 
	-> 1 2 3 4 5 6 9 
Structure 613: 1 10 4 2 21 7 5 8 3 
	-> 1 2 3 4 5 7 8 10 
Structure 614: 1 39 40 33 30 46 21 9 29 69 
	-> 1 9 
Structure 615: 1 41 126 4 2 7 5 127 
	-> 1 2 4 5 7 
Structure 616: 1 10 4 2 7 5 6 3 
	-> 1 2 3 4 5 6 7 10 
Structure 617: 1 4 2 13 9 11 6 3 
	-> 1 2 3 4 6 9 11 
Structure 618: 1 4 2 13 9 11 6 3 
	-> 1 2 3 4 6 9 11 
Structure 619: 1 4 2 9 5 8 3 
	-> 1 2 3 4 5 8 9 
Structure 620: 1 10 12 2 7 5 3 
	-> 1 2 3 5 7 10 
Structure 621: 1 4 2 7 5 6 3 
	-> 1 2 3 4 5 6 7 
Structure 622: 1 4 2 22 5 8 3 
	-> 1 2 3 4 5 8 
Structure 623: 1 45 4 2 7 5 6 3 
	-> 1 2 3 4 5 6 7 
Structure 624: 1 4 2 9 5 8 3 
	-> 1 2 3 4 5 8 9 
Structure 625: 1 10 4 2 22 5 17 8 3 
	-> 1 2 3 4 5 8 10 
Structure 626: 1 43 44 34 4 2 13 9 11 
	-> 1 2 4 9 11 
Structure 627: 1 4 2 9 5 8 3 
	-> 1 2 3 4 5 8 9 
Structure 628: 1 39 40 33 30 46 21 7 29 69 
	-> 1 7 
Structure 629: 1 4 2 7 5 6 3 
	-> 1 2 3 4 5 6 7 
Structure 630: 1 10 14 12 2 7 5 3 
	-> 1 2 3 5 7 10 
Structure 631: 1 4 2 7 5 6 3 
	-> 1 2 3 4 5 6 7 
Structure 632: 1 4 2 13 9 11 8 3 
	-> 1 2 3 4 8 9 11 
Structure 633: 1 10 26 2 13 9 11 8 3 
	-> 1 2 3 8 9 10 11 
Structure 634: 1 4 2 23 5 17 6 3 
	-> 1 2 3 4 5 6 
Structure 635: 1 4 2 13 7 11 6 3 
	-> 1 2 3 4 6 7 11 
Structure 636: 1 4 2 9 5 8 3 
	-> 1 2 3 4 5 8 9 
Structure 637: 1 4 2 16 19 11 6 3 
	-> 1 2 3 4 6 11 
Structure 638: 1 10 14 12 2 13 7 11 3 
	-> 1 2 3 7 10 11 
Structure 639: 1 10 35 12 2 9 5 3 
	-> 1 2 3 5 9 10 
Structure 640: 1 4 2 11 15 6 3 
	-> 1 2 3 4 6 11 
Structure 641: 1 4 2 66 5 8 3 
	-> 1 2 3 4 5 8 
Structure 642: 1 4 2 22 5 6 3 
	-> 1 2 3 4 5 6 
Structure 643: 1 10 4 2 25 11 15 6 3 
	-> 1 2 3 4 6 10 11 
Structure 644: 1 4 2 9 5 6 3 
	-> 1 2 3 4 5 6 9 
Structure 645: 1 4 2 48 5 60 6 3 
	-> 1 2 3 4 5 6 
Structure 646: 1 27 4 2 7 5 6 3 
	-> 1 2 3 4 5 6 7 
Structure 647: 1 4 2 7 5 17 8 3 
	-> 1 2 3 4 5 7 8 
Structure 648: 1 4 2 22 5 6 3 
	-> 1 2 3 4 5 6 
Structure 649: 1 4 2 21 7 5 6 3 
	-> 1 2 3 4 5 6 7 
Structure 650: 1 50 77 10 4 2 7 5 6 3 
	-> 1 2 3 4 5 6 7 10 
Structure 651: 1 4 2 9 5 8 3 
	-> 1 2 3 4 5 8 9 
Structure 652: 1 4 2 9 5 8 3 
	-> 1 2 3 4 5 8 9 
Structure 653: 1 10 14 12 2 9 11 15 3 
	-> 1 2 3 9 10 11 
Structure 654: 1 4 2 13 7 11 6 3 
	-> 1 2 3 4 6 7 11 
Structure 655: 1 10 74 89 55 7 11 6 3 
	-> 1 3 6 7 10 11 
Structure 656: 1 4 2 7 5 6 3 
	-> 1 2 3 4 5 6 7 
Structure 657: 1 10 4 2 13 7 11 6 3 
	-> 1 2 3 4 6 7 10 11 
Structure 658: 1 24 4 2 9 128 5 6 3 
	-> 1 2 3 4 5 6 9 
Structure 659: 1 10 35 12 2 90 16 19 18 20 3 
	-> 1 2 3 10 
Structure 660: 1 4 2 7 5 8 84 
	-> 1 2 4 5 7 8 
Structure 661: 1 4 2 13 9 11 8 3 
	-> 1 2 3 4 8 9 11 
Structure 662: 1 27 38 4 2 13 7 11 56 3 
	-> 1 2 3 4 7 11 
Structure 663: 1 4 2 66 5 8 3 
	-> 1 2 3 4 5 8 
Structure 664: 1 10 14 12 2 7 5 3 
	-> 1 2 3 5 7 10 
Structure 665: 1 4 2 9 5 8 3 
	-> 1 2 3 4 5 8 9 
Structure 666: 1 10 14 12 2 9 5 3 
	-> 1 2 3 5 9 10 
Structure 667: 1 4 2 13 25 31 11 6 3 
	-> 1 2 3 4 6 11 
Structure 668: 1 4 2 67 25 31 5 17 8 3 
	-> 1 2 3 4 5 8 
Structure 669: 1 49 4 2 7 83 8 3 
	-> 1 2 3 4 7 8 
Structure 670: 1 10 4 2 13 7 11 6 3 
	-> 1 2 3 4 6 7 10 11 
Structure 671: 1 4 2 13 21 7 11 6 3 
	-> 1 2 3 4 6 7 11 
Structure 672: 1 4 2 16 19 18 20 6 3 
	-> 1 2 3 4 6 
Structure 673: 1 4 2 7 5 8 3 
	-> 1 2 3 4 5 7 8 
Structure 674: 1 4 2 7 5 6 3 
	-> 1 2 3 4 5 6 7 
Structure 675: 1 4 2 7 5 8 3 
	-> 1 2 3 4 5 7 8 
Structure 676: 1 4 2 13 7 11 6 3 
	-> 1 2 3 4 6 7 11 
Structure 677: 1 4 2 13 7 11 6 3 
	-> 1 2 3 4 6 7 11 
Structure 678: 1 4 2 7 5 8 6 3 
	-> 1 2 3 4 5 6 7 8 
Structure 679: 1 4 2 13 9 11 6 3 
	-> 1 2 3 4 6 9 11 
Structure 680: 1 4 2 21 9 5 6 3 
	-> 1 2 3 4 5 6 9 
Structure 681: 1 10 12 2 21 7 5 3 
	-> 1 2 3 5 7 10 
Structure 682: 1 4 2 23 5 8 6 3 
	-> 1 2 3 4 5 6 8 
Structure 683: 1 4 2 13 9 11 6 3 
	-> 1 2 3 4 6 9 11 
Structure 684: 1 4 2 7 5 6 3 
	-> 1 2 3 4 5 6 7 
Structure 685: 1 10 35 12 2 9 5 6 3 
	-> 1 2 3 5 6 9 10 
Structure 686: 1 4 2 9 11 15 6 3 
	-> 1 2 3 4 6 9 11 
Structure 687: 1 4 2 13 7 11 8 3 
	-> 1 2 3 4 7 8 11 
Structure 688: 1 4 2 7 5 6 3 
	-> 1 2 3 4 5 6 7 
Structure 689: 1 4 2 23 5 6 3 
	-> 1 2 3 4 5 6 
Structure 690: 1 4 2 16 19 18 20 6 3 
	-> 1 2 3 4 6 
Structure 691: 1 4 2 7 5 6 3 
	-> 1 2 3 4 5 6 7 
Structure 692: 1 24 4 2 7 11 15 8 3 
	-> 1 2 3 4 7 8 11 
Structure 693: 1 4 2 13 7 11 6 3 
	-> 1 2 3 4 6 7 11 
Structure 694: 1 4 2 9 11 15 6 3 
	-> 1 2 3 4 6 9 11 
Structure 695: 1 4 2 7 5 8 3 
	-> 1 2 3 4 5 7 8 
Structure 696: 1 10 35 12 2 9 5 60 3 
	-> 1 2 3 5 9 10 
Structure 697: 1 49 4 2 7 5 6 3 
	-> 1 2 3 4 5 6 7 
Structure 698: 1 27 4 2 25 5 6 3 
	-> 1 2 3 4 5 6 
Structure 699: 1 4 2 9 5 8 3 
	-> 1 2 3 4 5 8 9 
Structure 700: 1 4 2 13 25 28 32 8 3 
	-> 1 2 3 4 8 
Structure 701: 1 4 2 7 5 8 6 3 
	-> 1 2 3 4 5 6 7 8 
Structure 702: 1 10 14 12 2 9 5 3 
	-> 1 2 3 5 9 10 
Structure 703: 1 41 4 2 9 5 3 
	-> 1 2 3 4 5 9 
Structure 704: 1 10 12 2 13 9 11 3 
	-> 1 2 3 9 10 11 
Structure 705: 1 4 2 9 5 8 3 
	-> 1 2 3 4 5 8 9 
Structure 706: 1 10 26 2 7 5 17 56 3 
	-> 1 2 3 5 7 10 
Structure 707: 1 4 2 9 5 8 3 
	-> 1 2 3 4 5 8 9 
Structure 708: 1 4 2 7 5 6 3 
	-> 1 2 3 4 5 6 7 
Structure 709: 1 65 4 2 9 5 6 3 
	-> 1 2 3 4 5 6 9 
Structure 710: 1 10 4 2 7 5 8 3 
	-> 1 2 3 4 5 7 8 10 
Structure 711: 1 4 2 58 54 80 18 20 8 3 
	-> 1 2 3 4 8 
Structure 712: 1 4 2 9 5 6 3 
	-> 1 2 3 4 5 6 9 
Structure 713: 1 4 2 9 5 8 3 
	-> 1 2 3 4 5 8 9 
Structure 714: 1 4 2 23 28 36 129 8 3 
	-> 1 2 3 4 8 
Structure 715: 1 10 4 2 7 5 17 8 3 
	-> 1 2 3 4 5 7 8 10 
Structure 716: 1 10 14 12 2 9 5 3 
	-> 1 2 3 5 9 10 
Structure 717: 1 4 2 7 5 8 3 
	-> 1 2 3 4 5 7 8 
Structure 718: 1 4 2 9 5 8 3 
	-> 1 2 3 4 5 8 9 
Structure 719: 1 10 12 2 7 5 3 
	-> 1 2 3 5 7 10 
Structure 720: 1 4 2 7 5 8 3 
	-> 1 2 3 4 5 7 8 
Structure 721: 1 10 14 12 2 23 5 3 
	-> 1 2 3 5 10 
Structure 722: 1 10 14 12 2 16 19 18 20 3 
	-> 1 2 3 10 
Structure 723: 1 4 2 7 11 15 6 3 
	-> 1 2 3 4 6 7 11 
Structure 724: 1 10 4 2 9 5 6 3 
	-> 1 2 3 4 5 6 9 10 
Structure 725: 1 4 2 13 7 11 8 3 
	-> 1 2 3 4 7 8 11 
Structure 726: 1 91 2 21 7 5 8 3 
	-> 1 2 3 5 7 8 
Structure 727: 1 4 2 7 5 6 3 
	-> 1 2 3 4 5 6 7 
Structure 728: 1 10 14 12 2 7 5 3 
	-> 1 2 3 5 7 10 
Structure 729: 1 4 2 7 5 6 3 
	-> 1 2 3 4 5 6 7 
Structure 730: 1 10 2 9 5 8 3 
	-> 1 2 3 5 8 9 10 
Structure 731: 1 4 2 11 15 6 3 
	-> 1 2 3 4 6 11 
Structure 732: 1 4 2 13 23 28 32 8 3 
	-> 1 2 3 4 8 
Structure 733: 1 4 2 7 5 8 3 
	-> 1 2 3 4 5 7 8 
Structure 734: 1 4 2 7 5 8 3 
	-> 1 2 3 4 5 7 8 
Structure 735: 1 4 2 9 5 8 3 
	-> 1 2 3 4 5 8 9 
Structure 736: 1 4 2 7 5 8 3 
	-> 1 2 3 4 5 7 8 
Structure 737: 1 4 2 7 5 6 3 
	-> 1 2 3 4 5 6 7 
Structure 738: 1 49 4 2 13 7 11 8 3 
	-> 1 2 3 4 7 8 11 
Structure 739: 1 4 2 9 15 8 3 
	-> 1 2 3 4 8 9 
Structure 740: 1 4 2 22 5 17 6 3 
	-> 1 2 3 4 5 6 
Structure 741: 1 4 2 7 5 8 3 
	-> 1 2 3 4 5 7 8 
Structure 742: 1 4 2 13 23 11 6 3 
	-> 1 2 3 4 6 11 
Structure 743: 1 4 2 23 22 11 15 6 3 
	-> 1 2 3 4 6 11 
Structure 744: 1 10 26 2 23 5 6 3 
	-> 1 2 3 5 6 10 
Structure 745: 1 4 2 23 5 17 6 3 
	-> 1 2 3 4 5 6 
Structure 746: 1 4 2 90 9 5 6 3 
	-> 1 2 3 4 5 6 9 
Structure 747: 1 4 2 51 15 6 3 
	-> 1 2 3 4 6 
Structure 748: 1 4 2 22 5 6 3 
	-> 1 2 3 4 5 6 
Structure 749: 1 4 2 25 5 8 3 
	-> 1 2 3 4 5 8 
Structure 750: 1 4 2 16 19 68 11 8 3 
	-> 1 2 3 4 8 11 
Structure 751: 1 4 2 7 5 17 6 3 
	-> 1 2 3 4 5 6 7 
Structure 752: 1 4 2 7 5 8 3 
	-> 1 2 3 4 5 7 8 
Structure 753: 1 4 2 7 11 15 6 3 
	-> 1 2 3 4 6 7 11 
Structure 754: 1 4 2 21 9 5 17 6 3 
	-> 1 2 3 4 5 6 9 
Structure 755: 1 10 12 2 7 5 3 
	-> 1 2 3 5 7 10 
Structure 756: 1 4 2 13 7 11 8 3 
	-> 1 2 3 4 7 8 11 
Structure 757: 1 4 2 22 5 8 3 
	-> 1 2 3 4 5 8 
Structure 758: 1 27 4 2 9 5 64 6 3 
	-> 1 2 3 4 5 6 9 
Structure 759: 1 4 2 22 5 6 3 
	-> 1 2 3 4 5 6 
Structure 760: 1 4 2 7 5 8 3 
	-> 1 2 3 4 5 7 8 
Structure 761: 1 53 24 4 2 21 9 5 6 3 
	-> 1 2 3 4 5 6 9 
Structure 762: 1 10 14 12 2 7 5 3 
	-> 1 2 3 5 7 10 
Structure 763: 1 4 2 7 5 8 3 
	-> 1 2 3 4 5 7 8 
Structure 764: 1 4 2 7 5 8 6 3 
	-> 1 2 3 4 5 6 7 8 
Structure 765: 1 4 2 11 15 6 3 
	-> 1 2 3 4 6 11 
Structure 766: 1 24 4 2 9 62 52 6 3 
	-> 1 2 3 4 6 9 
Structure 767: 1 10 4 2 13 7 11 8 3 
	-> 1 2 3 4 7 8 10 11 
Structure 768: 1 4 2 7 5 8 3 
	-> 1 2 3 4 5 7 8 
Structure 769: 1 4 2 9 62 52 6 3 
	-> 1 2 3 4 6 9 
Structure 770: 1 4 2 7 5 8 6 3 
	-> 1 2 3 4 5 6 7 8 
Structure 771: 1 10 12 2 13 9 11 3 
	-> 1 2 3 9 10 11 
Structure 772: 1 4 2 7 5 8 3 
	-> 1 2 3 4 5 7 8 
Structure 773: 1 4 2 9 5 6 3 
	-> 1 2 3 4 5 6 9 
Structure 774: 1 10 26 2 11 15 8 6 3 
	-> 1 2 3 6 8 10 11 
Structure 775: 1 10 35 12 2 16 19 18 20 3 
	-> 1 2 3 10 
Structure 776: 1 4 2 9 5 6 3 
	-> 1 2 3 4 5 6 9 
Structure 777: 1 39 40 33 30 130 21 7 29 69 
	-> 1 7 
Structure 778: 1 10 4 2 11 15 6 3 
	-> 1 2 3 4 6 10 11 
Structure 779: 1 4 2 7 11 15 8 3 
	-> 1 2 3 4 7 8 11 
Structure 780: 1 4 2 21 7 5 6 3 
	-> 1 2 3 4 5 6 7 
Structure 781: 1 10 12 2 13 7 11 3 
	-> 1 2 3 7 10 11 
Structure 782: 1 10 12 2 11 15 3 
	-> 1 2 3 10 11 
Structure 783: 1 4 2 7 5 6 3 
	-> 1 2 3 4 5 6 7 
Structure 784: 1 4 2 73 88 7 11 6 3 
	-> 1 2 3 4 6 7 11 
Structure 785: 1 27 4 2 13 9 61 11 8 3 
	-> 1 2 3 4 8 9 11 
Structure 786: 1 4 2 23 5 8 3 
	-> 1 2 3 4 5 8 
Structure 787: 1 45 4 2 7 5 6 3 
	-> 1 2 3 4 5 6 7 
Structure 788: 1 27 4 2 9 5 6 3 
	-> 1 2 3 4 5 6 9 
Structure 789: 1 4 2 7 5 6 3 
	-> 1 2 3 4 5 6 7 
Structure 790: 1 4 2 7 5 8 3 
	-> 1 2 3 4 5 7 8 
Structure 791: 1 45 4 2 7 5 6 3 
	-> 1 2 3 4 5 6 7 
Structure 792: 1 4 2 7 5 8 3 
	-> 1 2 3 4 5 7 8 
Structure 793: 1 10 14 12 2 11 15 3 
	-> 1 2 3 10 11 
Structure 794: 1 10 4 2 19 11 6 3 
	-> 1 2 3 4 6 10 11 
Structure 795: 1 4 2 9 5 8 3 
	-> 1 2 3 4 5 8 9 
Structure 796: 1 4 2 9 5 6 3 
	-> 1 2 3 4 5 6 9 
Structure 797: 1 4 2 7 11 15 8 3 
	-> 1 2 3 4 7 8 11 
Structure 798: 1 4 2 16 19 68 11 6 3 
	-> 1 2 3 4 6 11 
Structure 799: 1 10 26 2 13 25 31 11 8 6 3 
	-> 1 2 3 6 8 10 11 
Structure 800: 1 10 4 2 16 19 18 20 8 3 
	-> 1 2 3 4 8 10 
Structure 801: 1 4 2 22 5 6 3 
	-> 1 2 3 4 5 6 
Structure 802: 1 4 2 13 9 11 6 3 
	-> 1 2 3 4 6 9 11 
Structure 803: 1 4 2 19 18 20 6 3 
	-> 1 2 3 4 6 
Structure 804: 1 41 131 79 34 4 2 9 5 
	-> 1 2 4 5 9 
Structure 805: 1 10 4 2 25 11 15 8 6 3 
	-> 1 2 3 4 6 8 10 11 
Structure 806: 1 4 2 7 5 8 3 
	-> 1 2 3 4 5 7 8 
Structure 807: 1 27 4 2 7 5 6 3 
	-> 1 2 3 4 5 6 7 
Structure 808: 1 4 2 9 11 15 8 3 
	-> 1 2 3 4 8 9 11 
Structure 809: 1 10 14 12 2 7 5 3 
	-> 1 2 3 5 7 10 
Structure 810: 1 4 2 7 5 8 3 
	-> 1 2 3 4 5 7 8 
Structure 811: 1 10 14 12 2 66 62 52 3 
	-> 1 2 3 10 
Structure 812: 1 10 12 2 9 5 3 
	-> 1 2 3 5 9 10 
Structure 813: 1 4 2 7 5 6 3 
	-> 1 2 3 4 5 6 7 
Structure 814: 1 10 14 12 2 22 5 3 
	-> 1 2 3 5 10 
Structure 815: 1 4 2 7 11 15 8 3 
	-> 1 2 3 4 7 8 11 
Structure 816: 1 4 2 7 5 8 3 
	-> 1 2 3 4 5 7 8 
Structure 817: 1 4 2 13 9 11 6 3 
	-> 1 2 3 4 6 9 11 
Structure 818: 1 4 2 9 5 6 3 
	-> 1 2 3 4 5 6 9 
Structure 819: 1 10 12 2 9 5 3 
	-> 1 2 3 5 9 10 
Structure 820: 1 4 2 9 5 6 3 
	-> 1 2 3 4 5 6 9 
Structure 821: 1 4 2 7 5 6 3 
	-> 1 2 3 4 5 6 7 
Structure 822: 1 4 2 9 5 6 3 
	-> 1 2 3 4 5 6 9 
Structure 823: 1 10 2 7 5 8 3 
	-> 1 2 3 5 7 8 10 
Structure 824: 1 10 4 2 9 5 17 8 3 
	-> 1 2 3 4 5 8 9 10 
Structure 825: 1 4 2 9 5 8 3 
	-> 1 2 3 4 5 8 9 
Structure 826: 1 4 2 48 11 15 8 3 
	-> 1 2 3 4 8 11 
Structure 827: 1 10 14 12 2 7 5 3 
	-> 1 2 3 5 7 10 
Structure 828: 1 10 14 12 2 37 54 132 11 3 
	-> 1 2 3 10 11 
Structure 829: 1 4 2 7 5 6 3 
	-> 1 2 3 4 5 6 7 
Structure 830: 1 10 4 2 9 5 8 3 
	-> 1 2 3 4 5 8 9 10 
Structure 831: 1 4 2 9 5 6 3 
	-> 1 2 3 4 5 6 9 
Structure 832: 1 10 4 2 16 7 11 6 3 
	-> 1 2 3 4 6 7 10 11 
Structure 833: 1 4 2 48 9 5 6 3 
	-> 1 2 3 4 5 6 9 
Structure 834: 1 50 27 4 2 9 5 8 3 
	-> 1 2 3 4 5 8 9 
Structure 835: 1 4 2 7 5 6 3 
	-> 1 2 3 4 5 6 7 
Structure 836: 1 4 2 21 7 15 8 6 3 
	-> 1 2 3 4 6 7 8 
Structure 837: 1 4 2 9 5 6 3 
	-> 1 2 3 4 5 6 9 
Structure 838: 1 10 14 2 7 5 6 3 
	-> 1 2 3 5 6 7 10 
Structure 839: 1 4 2 9 5 8 3 
	-> 1 2 3 4 5 8 9 
Structure 840: 1 4 2 16 19 11 6 3 
	-> 1 2 3 4 6 11 
Structure 841: 1 4 2 7 5 6 3 
	-> 1 2 3 4 5 6 7 
Structure 842: 1 4 2 9 5 6 3 
	-> 1 2 3 4 5 6 9 
Structure 843: 1 10 14 12 2 133 7 15 3 
	-> 1 2 3 7 10 
Structure 844: 1 10 14 12 2 7 5 3 
	-> 1 2 3 5 7 10 
Structure 845: 1 10 4 2 7 5 8 3 
	-> 1 2 3 4 5 7 8 10 
Structure 846: 1 4 2 7 5 8 3 
	-> 1 2 3 4 5 7 8 
Structure 847: 1 4 2 7 5 8 3 
	-> 1 2 3 4 5 7 8 
Structure 848: 1 4 2 9 11 15 6 3 
	-> 1 2 3 4 6 9 11 
Structure 849: 1 4 2 13 9 11 6 3 
	-> 1 2 3 4 6 9 11 
Structure 850: 1 10 14 12 2 9 5 3 
	-> 1 2 3 5 9 10 
Structure 851: 1 10 35 12 2 11 15 3 
	-> 1 2 3 10 11 
Structure 852: 1 4 2 13 9 11 8 3 
	-> 1 2 3 4 8 9 11 
Structure 853: 1 4 86 2 7 5 17 8 3 
	-> 1 2 3 4 5 7 8 
Structure 854: 1 4 2 9 5 8 3 
	-> 1 2 3 4 5 8 9 
Structure 855: 1 10 4 2 13 9 11 6 3 
	-> 1 2 3 4 6 9 10 11 
Structure 856: 1 4 2 16 19 18 20 8 3 
	-> 1 2 3 4 8 
Structure 857: 1 4 2 9 5 6 3 
	-> 1 2 3 4 5 6 9 
Structure 858: 1 4 2 9 5 8 3 
	-> 1 2 3 4 5 8 9 
Structure 859: 1 4 2 9 5 8 3 
	-> 1 2 3 4 5 8 9 
Structure 860: 1 4 2 7 5 6 3 
	-> 1 2 3 4 5 6 7 
Structure 861: 1 4 2 11 15 6 3 
	-> 1 2 3 4 6 11 
Structure 862: 1 24 4 2 7 5 6 3 
	-> 1 2 3 4 5 6 7 
Structure 863: 1 4 2 13 7 11 6 3 
	-> 1 2 3 4 6 7 11 
Structure 864: 1 4 2 7 5 8 3 
	-> 1 2 3 4 5 7 8 
Structure 865: 1 10 35 12 2 9 36 3 
	-> 1 2 3 9 10 
Structure 866: 1 10 35 12 2 13 7 11 3 
	-> 1 2 3 7 10 11 
Structure 867: 1 10 14 12 2 13 9 11 3 
	-> 1 2 3 9 10 11 
Structure 868: 1 10 14 12 2 7 5 3 
	-> 1 2 3 5 7 10 
Structure 869: 1 4 2 9 5 6 3 
	-> 1 2 3 4 5 6 9 
Structure 870: 1 4 2 58 25 5 6 3 
	-> 1 2 3 4 5 6 
Structure 871: 1 4 2 9 5 8 3 
	-> 1 2 3 4 5 8 9 
Structure 872: 1 10 14 12 2 13 9 11 3 
	-> 1 2 3 9 10 11 
Structure 873: 1 4 2 19 18 20 8 3 
	-> 1 2 3 4 8 
Structure 874: 1 4 2 9 5 6 3 
	-> 1 2 3 4 5 6 9 
Structure 875: 1 4 2 7 5 6 3 
	-> 1 2 3 4 5 6 7 
Structure 876: 1 10 26 2 25 5 8 6 3 
	-> 1 2 3 5 6 8 10 
Structure 877: 1 4 2 22 5 8 3 
	-> 1 2 3 4 5 8 
Structure 878: 1 24 4 2 9 5 6 3 
	-> 1 2 3 4 5 6 9 
Structure 879: 1 10 26 2 7 5 6 3 
	-> 1 2 3 5 6 7 10 
Structure 880: 1 41 34 4 2 13 9 11 
	-> 1 2 4 9 11 
Structure 881: 1 4 2 7 36 8 3 
	-> 1 2 3 4 7 8 
Structure 882: 1 4 2 13 23 11 8 6 3 
	-> 1 2 3 4 6 8 11 
Structure 883: 1 10 14 2 134 5 17 8 3 
	-> 1 2 3 5 8 10 
Structure 884: 1 4 2 13 7 11 8 3 
	-> 1 2 3 4 7 8 11 
Structure 885: 1 10 12 2 7 5 3 
	-> 1 2 3 5 7 10 
Structure 886: 1 27 4 2 16 19 18 6 3 
	-> 1 2 3 4 6 
Structure 887: 1 4 2 9 5 8 3 
	-> 1 2 3 4 5 8 9 
Structure 888: 1 4 2 23 5 6 3 
	-> 1 2 3 4 5 6 
Structure 889: 1 135 91 2 25 31 5 8 3 
	-> 1 2 3 5 8 
Structure 890: 1 4 2 9 5 6 3 
	-> 1 2 3 4 5 6 9 
Structure 891: 1 4 2 23 5 8 3 
	-> 1 2 3 4 5 8 
Structure 892: 1 38 4 2 7 5 8 3 
	-> 1 2 3 4 5 7 8 
Structure 893: 1 10 14 12 2 25 75 5 3 
	-> 1 2 3 5 10 
Structure 894: 1 4 2 22 5 6 3 
	-> 1 2 3 4 5 6 
Structure 895: 1 4 2 7 5 8 3 
	-> 1 2 3 4 5 7 8 
Structure 896: 1 4 2 9 5 6 3 
	-> 1 2 3 4 5 6 9 
Structure 897: 1 10 12 2 7 5 3 
	-> 1 2 3 5 7 10 
Structure 898: 1 4 2 9 5 8 3 
	-> 1 2 3 4 5 8 9 
Structure 899: 1 10 2 37 7 11 6 3 
	-> 1 2 3 6 7 10 11 
Structure 900: 1 24 4 2 7 5 8 3 
	-> 1 2 3 4 5 7 8 
Structure 901: 1 10 4 2 13 9 11 8 3 
	-> 1 2 3 4 8 9 10 11 
Structure 902: 1 4 2 13 7 11 8 3 
	-> 1 2 3 4 7 8 11 
Structure 903: 1 10 35 12 2 13 7 28 32 3 
	-> 1 2 3 7 10 
Structure 904: 1 10 4 2 9 5 6 3 
	-> 1 2 3 4 5 6 9 10 
Structure 905: 1 45 4 2 9 5 17 56 3 
	-> 1 2 3 4 5 9 
Structure 906: 1 10 4 2 9 5 8 3 
	-> 1 2 3 4 5 8 9 10 
Structure 907: 1 4 2 7 5 17 6 3 
	-> 1 2 3 4 5 6 7 
Structure 908: 1 4 2 9 5 6 3 
	-> 1 2 3 4 5 6 9 
Structure 909: 1 4 2 16 18 20 6 3 
	-> 1 2 3 4 6 
Structure 910: 1 4 2 13 7 11 8 3 
	-> 1 2 3 4 7 8 11 
Structure 911: 1 27 4 2 9 5 6 3 
	-> 1 2 3 4 5 6 9 
Structure 912: 1 10 26 2 7 11 82 6 3 
	-> 1 2 3 6 7 10 11 
Structure 913: 1 10 2 7 5 6 3 
	-> 1 2 3 5 6 7 10 
Structure 914: 1 10 4 2 23 5 8 3 
	-> 1 2 3 4 5 8 10 
Structure 915: 1 59 4 2 7 5 6 3 
	-> 1 2 3 4 5 6 7 
Structure 916: 1 10 4 2 13 7 36 8 3 
	-> 1 2 3 4 7 8 10 
Structure 917: 1 4 2 16 19 18 20 6 3 
	-> 1 2 3 4 6 
Structure 918: 1 10 14 12 2 37 54 22 11 3 
	-> 1 2 3 10 11 
Structure 919: 1 10 14 12 2 7 5 3 
	-> 1 2 3 5 7 10 
Structure 920: 1 4 2 9 5 8 3 
	-> 1 2 3 4 5 8 9 
Structure 921: 1 4 2 9 5 6 3 
	-> 1 2 3 4 5 6 9 
Structure 922: 1 10 14 12 2 9 5 3 
	-> 1 2 3 5 9 10 
Structure 923: 1 10 12 2 9 5 3 
	-> 1 2 3 5 9 10 
Structure 924: 1 4 2 7 5 8 3 
	-> 1 2 3 4 5 7 8 
Structure 925: 1 10 4 2 13 7 11 8 3 
	-> 1 2 3 4 7 8 10 11 
Structure 926: 1 4 2 47 5 6 3 
	-> 1 2 3 4 5 6 
Structure 927: 1 10 12 2 7 5 3 
	-> 1 2 3 5 7 10 
Structure 928: 1 10 14 12 2 7 5 3 
	-> 1 2 3 5 7 10 
Structure 929: 1 50 10 12 2 13 7 11 3 
	-> 1 2 3 7 10 11 
Structure 930: 1 10 4 2 9 11 15 8 3 
	-> 1 2 3 4 8 9 10 11 
Structure 931: 1 4 2 9 5 6 3 
	-> 1 2 3 4 5 6 9 
Structure 932: 1 10 4 2 16 19 18 20 6 3 
	-> 1 2 3 4 6 10 
Structure 933: 1 10 35 12 2 25 5 3 
	-> 1 2 3 5 10 
Structure 934: 1 4 2 13 7 36 8 3 
	-> 1 2 3 4 7 8 
Structure 935: 1 4 2 9 5 6 3 
	-> 1 2 3 4 5 6 9 
Structure 936: 1 27 4 2 7 5 6 3 
	-> 1 2 3 4 5 6 7 
Structure 937: 1 4 2 16 18 20 8 3 
	-> 1 2 3 4 8 
Structure 938: 1 4 2 16 61 11 8 3 
	-> 1 2 3 4 8 11 
Structure 939: 1 4 2 7 5 6 3 
	-> 1 2 3 4 5 6 7 
Structure 940: 1 27 4 2 7 5 6 3 
	-> 1 2 3 4 5 6 7 
Structure 941: 1 10 26 2 7 5 8 3 
	-> 1 2 3 5 7 8 10 
Structure 942: 1 10 12 2 9 5 3 
	-> 1 2 3 5 9 10 
Structure 943: 1 10 26 2 13 7 52 8 3 
	-> 1 2 3 7 8 10 
Structure 944: 1 4 2 13 7 11 8 3 
	-> 1 2 3 4 7 8 11 
Structure 945: 1 10 14 12 2 25 31 5 3 
	-> 1 2 3 5 10 
Structure 946: 1 43 44 34 4 136 2 7 5 
	-> 1 2 4 5 7 
Structure 947: 1 4 2 22 5 8 3 
	-> 1 2 3 4 5 8 
Structure 948: 1 38 4 2 16 19 18 20 8 3 
	-> 1 2 3 4 8 
Structure 949: 1 4 2 7 5 6 3 
	-> 1 2 3 4 5 6 7 
Structure 950: 1 4 2 7 5 6 3 
	-> 1 2 3 4 5 6 7 
Structure 951: 1 10 12 2 47 5 17 3 
	-> 1 2 3 5 10 
Structure 952: 1 10 4 2 13 7 11 6 3 
	-> 1 2 3 4 6 7 10 11 
Structure 953: 1 10 12 2 25 31 5 3 
	-> 1 2 3 5 10 
Structure 954: 1 10 26 2 7 5 6 3 
	-> 1 2 3 5 6 7 10 
Structure 955: 1 4 2 21 7 5 6 3 
	-> 1 2 3 4 5 6 7 
Structure 956: 1 10 4 2 13 7 11 6 3 
	-> 1 2 3 4 6 7 10 11 
Structure 957: 1 4 2 11 15 6 3 
	-> 1 2 3 4 6 11 
Structure 958: 1 27 4 2 23 11 15 6 3 
	-> 1 2 3 4 6 11 
Structure 959: 1 10 4 2 22 5 8 3 
	-> 1 2 3 4 5 8 10 
Structure 960: 1 24 4 2 13 7 11 6 3 
	-> 1 2 3 4 6 7 11 
Structure 961: 1 4 2 11 15 6 3 
	-> 1 2 3 4 6 11 
Structure 962: 1 4 2 11 15 6 3 
	-> 1 2 3 4 6 11 
Structure 963: 1 65 4 2 7 5 6 3 
	-> 1 2 3 4 5 6 7 
Structure 964: 1 4 2 7 5 6 3 
	-> 1 2 3 4 5 6 7 
Structure 965: 1 10 14 12 2 21 7 5 3 
	-> 1 2 3 5 7 10 
Structure 966: 1 4 2 13 7 11 8 3 
	-> 1 2 3 4 7 8 11 
Structure 967: 1 4 2 13 7 11 8 3 
	-> 1 2 3 4 7 8 11 
Structure 968: 1 4 2 7 5 8 3 
	-> 1 2 3 4 5 7 8 
Structure 969: 1 38 4 2 13 7 36 32 6 3 
	-> 1 2 3 4 6 7 
Structure 970: 1 10 14 12 2 23 5 3 
	-> 1 2 3 5 10 
Structure 971: 1 4 2 21 7 5 6 3 
	-> 1 2 3 4 5 6 7 
Structure 972: 1 10 4 2 21 9 5 8 3 
	-> 1 2 3 4 5 8 9 10 
Structure 973: 1 4 2 137 138 15 6 3 
	-> 1 2 3 4 6 
Structure 974: 1 4 2 9 5 8 6 3 
	-> 1 2 3 4 5 6 8 9 
Structure 975: 1 10 12 2 7 5 3 
	-> 1 2 3 5 7 10 
Structure 976: 1 4 2 13 7 11 8 3 
	-> 1 2 3 4 7 8 11 
Structure 977: 1 50 24 4 2 9 5 6 3 
	-> 1 2 3 4 5 6 9 
Structure 978: 1 27 4 2 9 5 6 3 
	-> 1 2 3 4 5 6 9 
Structure 979: 1 4 2 7 5 6 3 
	-> 1 2 3 4 5 6 7 
Structure 980: 1 4 2 9 5 6 3 
	-> 1 2 3 4 5 6 9 
Structure 981: 1 10 12 2 7 5 17 3 
	-> 1 2 3 5 7 10 
Structure 982: 1 10 14 12 2 7 5 3 
	-> 1 2 3 5 7 10 
Structure 983: 1 4 2 7 5 8 3 
	-> 1 2 3 4 5 7 8 
Structure 984: 1 4 2 16 19 18 20 6 3 
	-> 1 2 3 4 6 
Structure 985: 1 10 74 87 89 55 7 11 8 3 
	-> 1 3 7 8 10 11 
Structure 986: 1 4 2 21 7 5 8 3 
	-> 1 2 3 4 5 7 8 
Structure 987: 1 4 2 7 11 15 6 3 
	-> 1 2 3 4 6 7 11 
Structure 988: 1 4 2 7 5 6 3 
	-> 1 2 3 4 5 6 7 
Structure 989: 1 4 2 7 11 15 8 3 
	-> 1 2 3 4 7 8 11 
Structure 990: 1 4 2 19 18 6 3 
	-> 1 2 3 4 6 
Structure 991: 1 4 2 13 7 11 8 3 
	-> 1 2 3 4 7 8 11 
Structure 992: 1 4 2 9 5 17 8 3 
	-> 1 2 3 4 5 8 9 
Structure 993: 1 10 26 2 7 5 6 3 
	-> 1 2 3 5 6 7 10 
Structure 994: 1 10 14 12 2 22 5 3 
	-> 1 2 3 5 10 
Structure 995: 1 4 2 9 5 6 3 
	-> 1 2 3 4 5 6 9 
Structure 996: 1 4 2 7 5 6 3 
	-> 1 2 3 4 5 6 7 
Structure 997: 1 4 2 22 5 6 3 
	-> 1 2 3 4 5 6 
Structure 998: 1 50 10 12 2 7 5 3 
	-> 1 2 3 5 7 10 
Structure 999: 1 10 4 2 7 5 8 3 
	-> 1 2 3 4 5 7 8 10 
Structure 1000: 1 10 14 12 2 22 5 3 
	-> 1 2 3 5 10 
